[08-Jul-2020 11:44:40 UTC] Expay\SDK\MerchantApi Object
(
    [client:Expay\SDK\MerchantApi:private] => GuzzleHttp\Client Object
        (
            [config:GuzzleHttp\Client:private] => Array
                (
                    [base_uri] => GuzzleHttp\Psr7\Uri Object
                        (
                            [scheme:GuzzleHttp\Psr7\Uri:private] => https
                            [userInfo:GuzzleHttp\Psr7\Uri:private] => 
                            [host:GuzzleHttp\Psr7\Uri:private] => sandbox.expresspaygh.com
                            [port:GuzzleHttp\Psr7\Uri:private] => 
                            [path:GuzzleHttp\Psr7\Uri:private] => /api/
                            [query:GuzzleHttp\Psr7\Uri:private] => 
                            [fragment:GuzzleHttp\Psr7\Uri:private] => 
                        )

                    [handler] => GuzzleHttp\HandlerStack Object
                        (
                            [handler:GuzzleHttp\HandlerStack:private] => Closure Object
                                (
                                    [static] => Array
                                        (
                                            [default] => Closure Object
                                                (
                                                    [static] => Array
                                                        (
                                                            [default] => GuzzleHttp\Handler\CurlMultiHandler Object
                                                                (
                                                                    [factory:GuzzleHttp\Handler\CurlMultiHandler:private] => GuzzleHttp\Handler\CurlFactory Object
                                                                        (
                                                                            [handles:GuzzleHttp\Handler\CurlFactory:private] => Array
                                                                                (
                                                                                )

                                                                            [maxHandles:GuzzleHttp\Handler\CurlFactory:private] => 50
                                                                        )

                                                                    [selectTimeout:GuzzleHttp\Handler\CurlMultiHandler:private] => 1
                                                                    [active:GuzzleHttp\Handler\CurlMultiHandler:private] => 
                                                                    [handles:GuzzleHttp\Handler\CurlMultiHandler:private] => Array
                                                                        (
                                                                        )

                                                                    [delays:GuzzleHttp\Handler\CurlMultiHandler:private] => Array
                                                                        (
                                                                        )

                                                                    [options:GuzzleHttp\Handler\CurlMultiHandler:private] => Array
                                                                        (
                                                                        )

                                                                )

                                                            [sync] => GuzzleHttp\Handler\CurlHandler Object
                                                                (
                                                                    [factory:GuzzleHttp\Handler\CurlHandler:private] => GuzzleHttp\Handler\CurlFactory Object
                                                                        (
                                                                            [handles:GuzzleHttp\Handler\CurlFactory:private] => Array
                                                                                (
                                                                                )

                                                                            [maxHandles:GuzzleHttp\Handler\CurlFactory:private] => 3
                                                                        )

                                                                )

                                                        )

                                                    [parameter] => Array
                                                        (
                                                            [$request] => <required>
                                                            [$options] => <required>
                                                        )

                                                )

                                            [streaming] => GuzzleHttp\Handler\StreamHandler Object
                                                (
                                                    [lastHeaders:GuzzleHttp\Handler\StreamHandler:private] => Array
                                                        (
                                                        )

                                                )

                                        )

                                    [parameter] => Array
                                        (
                                            [$request] => <required>
                                            [$options] => <required>
                                        )

                                )

                            [stack:GuzzleHttp\HandlerStack:private] => Array
                                (
                                    [0] => Array
                                        (
                                            [0] => Closure Object
                                                (
                                                    [parameter] => Array
                                                        (
                                                            [$handler] => <required>
                                                        )

                                                )

                                            [1] => http_errors
                                        )

                                    [1] => Array
                                        (
                                            [0] => Closure Object
                                                (
                                                    [parameter] => Array
                                                        (
                                                            [$handler] => <required>
                                                        )

                                                )

                                            [1] => allow_redirects
                                        )

                                    [2] => Array
                                        (
                                            [0] => Closure Object
                                                (
                                                    [parameter] => Array
                                                        (
                                                            [$handler] => <required>
                                                        )

                                                )

                                            [1] => cookies
                                        )

                                    [3] => Array
                                        (
                                            [0] => Closure Object
                                                (
                                                    [parameter] => Array
                                                        (
                                                            [$handler] => <required>
                                                        )

                                                )

                                            [1] => prepare_body
                                        )

                                )

                            [cached:GuzzleHttp\HandlerStack:private] => 
                        )

                    [allow_redirects] => Array
                        (
                            [max] => 5
                            [protocols] => Array
                                (
                                    [0] => http
                                    [1] => https
                                )

                            [strict] => 
                            [referer] => 
                            [track_redirects] => 
                        )

                    [http_errors] => 1
                    [decode_content] => 1
                    [verify] => 1
                    [cookies] => 
                    [idn_conversion] => 1
                    [headers] => Array
                        (
                            [User-Agent] => GuzzleHttp/6.5.5 curl/7.35.0 PHP/7.1.27
                        )

                )

        )

    [config:Expay\SDK\MerchantApi:private] => Expay\SDK\Utility\Config Object
        (
            [sandbox_url:protected] => https://sandbox.expresspaygh.com/api/
            [production_url:protected] => https://expresspaygh.com/api/
            [merchant_id:protected] => 
            [merchant_api_key:protected] => 
        )

    [env:Expay\SDK\MerchantApi:private] => sandbox
    [base_url:Expay\SDK\MerchantApi:private] => https://sandbox.expresspaygh.com/api/
    [allowed_envs:protected] => Array
        (
            [0] => sandbox
            [1] => production
        )

)

[08-Jul-2020 11:46:06 UTC] {}
[08-Jul-2020 12:17:12 UTC] PHP Fatal error:  Uncaught TypeError: Argument 7 passed to Expay\SDK\MerchantApi::create_invoice() must be an instance of Expay\SDK\stirng, string given, called in /home/jefferyosei/git/exp-packages/exp-demos/exp-php-sdk-demo/api/pay.php on line 93 and defined in /home/jefferyosei/git/exp-packages/exp-demos/exp-php-sdk-demo/vendor/expresspaygh/exp-php-sdk/src/MerchantApi.php:109
Stack trace:
#0 /home/jefferyosei/git/exp-packages/exp-demos/exp-php-sdk-demo/api/pay.php(93): Expay\SDK\MerchantApi->create_invoice('1234567890', 'GHS', 1000, '1234567890', 'hello world', '1234567890', '0268342518', 'jefferyosei@exp...', 'http://jefferyo...')
#1 /home/jefferyosei/git/exp-packages/exp-demos/exp-php-sdk-demo/api/pay.php(109): PayApi->create_invoice()
#2 /home/jefferyosei/git/exp-packages/exp-demos/exp-php-sdk-demo/api/pay.php(129): PayApi->request()
#3 {main}
  thrown in /home/jefferyosei/git/exp-packages/exp-demos/exp-php-sdk-demo/vendor/expresspaygh/exp-php-sdk/src/MerchantApi.php on line 109
[08-Jul-2020 12:29:27 UTC] PHP Fatal error:  Uncaught TypeError: Argument 7 passed to Expay\SDK\MerchantApi::create_invoice() must be an instance of Expay\SDK\stirng, string given, called in /home/jefferyosei/git/exp-packages/exp-demos/exp-php-sdk-demo/api/pay.php on line 93 and defined in /home/jefferyosei/git/exp-packages/exp-demos/exp-php-sdk-demo/vendor/expresspaygh/exp-php-sdk/src/MerchantApi.php:109
Stack trace:
#0 /home/jefferyosei/git/exp-packages/exp-demos/exp-php-sdk-demo/api/pay.php(93): Expay\SDK\MerchantApi->create_invoice('1234567890', 'GHS', 1000, '1234567890', 'hello world', '1234567890', '0268342518', 'jefferyosei@exp...', 'http://jefferyo...')
#1 /home/jefferyosei/git/exp-packages/exp-demos/exp-php-sdk-demo/api/pay.php(109): PayApi->create_invoice()
#2 /home/jefferyosei/git/exp-packages/exp-demos/exp-php-sdk-demo/api/pay.php(129): PayApi->request()
#3 {main}
  thrown in /home/jefferyosei/git/exp-packages/exp-demos/exp-php-sdk-demo/vendor/expresspaygh/exp-php-sdk/src/MerchantApi.php on line 109
[08-Jul-2020 13:15:55 UTC] stdClass Object
(
    [result] => 3
    [result-text] => Error in transaction data or system error
)

[08-Jul-2020 13:19:58 UTC] Array
(
    [order_id] => 1234567890
    [currency] => GHS
    [amount] => 1000
    [account_number] => 1234567890
    [order_desc] => hello world
    [phone_number] => 0268342518
    [email] => jefferyosei@expresspaygh.com
    [account_name] => 1234567890
)

[08-Jul-2020 16:12:56 UTC] Array
(
    [order_id] => 1234567890
    [currency] => GHS
    [amount] => 1000
    [account_number] => 1234567890
    [order_desc] => hello world
    [phone_number] => 0268342518
    [email] => jefferyosei@expresspaygh.com
    [account_name] => clonne101
)

